#
# There is insufficient memory for the Java Runtime Environment to continue.
# Native memory allocation (mmap) failed to map 147849216 bytes for G1 virtual space
# Possible reasons:
#   The system is out of physical RAM or swap space
#   The process is running with CompressedOops enabled, and the Java Heap may be blocking the growth of the native heap
# Possible solutions:
#   Reduce memory load on the system
#   Increase physical memory or swap space
#   Check if swap backing store is full
#   Decrease Java heap size (-Xmx/-Xms)
#   Decrease number of Java threads
#   Decrease Java thread stack sizes (-Xss)
#   Set larger code cache with -XX:ReservedCodeCacheSize=
#   JVM is running with Unscaled Compressed Oops mode in which the Java heap is
#     placed in the first 4GB address space. The Java Heap base address is the
#     maximum limit for the native heap growth. Please use -XX:HeapBaseMinAddress
#     to set the Java Heap base and to place the Java Heap above 4GB virtual address.
# This output file may be truncated or incomplete.
#
#  Out of Memory Error (os_windows.cpp:3769), pid=10704, tid=31940
#
# JRE version: OpenJDK Runtime Environment (17.0.6) (build 17.0.6+0-b2043.56-10027231)
# Java VM: OpenJDK 64-Bit Server VM (17.0.6+0-b2043.56-10027231, mixed mode, tiered, compressed oops, compressed class ptrs, g1 gc, windows-amd64)
# No core dump will be written. Minidumps are not enabled by default on client versions of Windows
#

---------------  S U M M A R Y ------------

Command Line: --add-opens=java.base/java.util=ALL-UNNAMED --add-opens=java.base/java.lang=ALL-UNNAMED --add-opens=java.base/java.lang.invoke=ALL-UNNAMED --add-opens=java.prefs/java.util.prefs=ALL-UNNAMED --add-opens=java.base/java.nio.charset=ALL-UNNAMED --add-opens=java.base/java.net=ALL-UNNAMED --add-opens=java.base/java.util.concurrent.atomic=ALL-UNNAMED -Xmx2048m -Dfile.encoding=UTF-8 -Duser.country=ZA -Duser.language=en -Duser.variant org.gradle.launcher.daemon.bootstrap.GradleDaemon 8.0

Host: 11th Gen Intel(R) Core(TM) i3-1115G4 @ 3.00GHz, 4 cores, 7G,  Windows 11 , 64 bit Build 22621 (10.0.22621.2506)
Time: Mon Apr 29 19:50:00 2024 South Africa Standard Time elapsed time: 22.636099 seconds (0d 0h 0m 22s)

---------------  T H R E A D  ---------------

Current thread (0x00000266fe8e9d40):  VMThread "VM Thread" [stack: 0x000000ec76000000,0x000000ec76100000] [id=31940]

Stack: [0x000000ec76000000,0x000000ec76100000]
Native frames: (J=compiled Java code, j=interpreted, Vv=VM code, C=native code)
V  [jvm.dll+0x683c9a]
V  [jvm.dll+0x8427a4]
V  [jvm.dll+0x843f9e]
V  [jvm.dll+0x844603]
V  [jvm.dll+0x249b75]
V  [jvm.dll+0x680b69]
V  [jvm.dll+0x67505a]
V  [jvm.dll+0x309acb]
V  [jvm.dll+0x310f86]
V  [jvm.dll+0x3608ee]
V  [jvm.dll+0x360b1f]
V  [jvm.dll+0x2dfbf8]
V  [jvm.dll+0x2ddec4]
V  [jvm.dll+0x2dd4cc]
V  [jvm.dll+0x321f3b]
V  [jvm.dll+0x848ccb]
V  [jvm.dll+0x849a04]
V  [jvm.dll+0x849f1d]
V  [jvm.dll+0x84a2f4]
V  [jvm.dll+0x84a3c0]
V  [jvm.dll+0x7f274a]
V  [jvm.dll+0x682ad5]
C  [ucrtbase.dll+0x29363]
C  [KERNEL32.DLL+0x1257d]
C  [ntdll.dll+0x5aa58]

VM_Operation (0x000000ec77ffcd80): G1CollectForAllocation, mode: safepoint, requested by thread 0x000002668fc79390


---------------  P R O C E S S  ---------------

Threads class SMR info:
_java_thread_list=0x0000026695812d20, length=92, elements={
0x00000266f432da90, 0x00000266fe90d260, 0x00000266fe911e20, 0x00000266fe9193a0,
0x00000266fe91bf60, 0x00000266fe91ea20, 0x00000266ff41cc90, 0x00000266ff41d970,
0x00000266ff41fbc0, 0x00000266ff48dc60, 0x00000266ff59a130, 0x00000266ff59e610,
0x000002668ffa9030, 0x000002668f717b80, 0x000002668ff12fe0, 0x000002668ffbd430,
0x0000026690b553f0, 0x0000026690b85ae0, 0x000002668ffcc7f0, 0x000002668fc77b80,
0x000002668fc776b0, 0x000002668fc79d30, 0x000002668fc78520, 0x000002668fc78050,
0x000002668fc7a200, 0x000002668fc78ec0, 0x000002668fc79390, 0x000002668fc7a6d0,
0x000002668fc7b070, 0x000002668fc789f0, 0x000002668fc79860, 0x000002668fc7aba0,
0x0000026690d98040, 0x0000026690d95e90, 0x0000026690d954f0, 0x0000026690d97b70,
0x0000026690d96830, 0x0000026690d976a0, 0x0000026690d96d00, 0x0000026690d94b50,
0x0000026690d971d0, 0x0000026690d95020, 0x0000026692cdf580, 0x0000026692cdbbc0,
0x0000026692ce08c0, 0x0000026692cdc090, 0x0000026692ce0d90, 0x0000026692cdad50,
0x0000026692cde240, 0x0000026692ce1c00, 0x0000026692ce20d0, 0x0000026692cdcf00,
0x0000026692ce1260, 0x0000026692cdf0b0, 0x0000026692cde710, 0x0000026692ce1730,
0x0000026692cdfa50, 0x0000026692ce03f0, 0x0000026692cdebe0, 0x0000026692cdff20,
0x0000026692cdb220, 0x0000026692cdc560, 0x0000026692cdca30, 0x0000026692cdd8a0,
0x0000026692ce25a0, 0x0000026692cdb6f0, 0x0000026692cdd3d0, 0x0000026692cddd70,
0x000002669306f8c0, 0x000002669306c8a0, 0x000002669306c3d0, 0x000002669306cd70,
0x000002669306dbe0, 0x0000026693068540, 0x000002669306ba30, 0x000002669306a6f0,
0x000002669306ea50, 0x0000026693069880, 0x000002669306b090, 0x000002669306ef20,
0x0000026693068a10, 0x0000026692f4a8b0, 0x000002669306abc0, 0x000002669306e0b0,
0x000002669306b560, 0x000002669306a220, 0x0000026693068070, 0x000002669750e630,
0x000002669750e160, 0x000002669750c480, 0x0000026697512e60, 0x0000026697511ff0
}

Java Threads: ( => current thread )
  0x00000266f432da90 JavaThread "main" [_thread_blocked, id=19356, stack(0x000000ec75a00000,0x000000ec75b00000)]
  0x00000266fe90d260 JavaThread "Reference Handler" daemon [_thread_blocked, id=24828, stack(0x000000ec76100000,0x000000ec76200000)]
  0x00000266fe911e20 JavaThread "Finalizer" daemon [_thread_blocked, id=18500, stack(0x000000ec76200000,0x000000ec76300000)]
  0x00000266fe9193a0 JavaThread "Signal Dispatcher" daemon [_thread_blocked, id=30952, stack(0x000000ec76300000,0x000000ec76400000)]
  0x00000266fe91bf60 JavaThread "Attach Listener" daemon [_thread_blocked, id=6704, stack(0x000000ec76400000,0x000000ec76500000)]
  0x00000266fe91ea20 JavaThread "Service Thread" daemon [_thread_blocked, id=19712, stack(0x000000ec76500000,0x000000ec76600000)]
  0x00000266ff41cc90 JavaThread "Monitor Deflation Thread" daemon [_thread_blocked, id=24252, stack(0x000000ec76600000,0x000000ec76700000)]
  0x00000266ff41d970 JavaThread "C2 CompilerThread0" daemon [_thread_blocked, id=30048, stack(0x000000ec76700000,0x000000ec76800000)]
  0x00000266ff41fbc0 JavaThread "C1 CompilerThread0" daemon [_thread_blocked, id=29740, stack(0x000000ec76800000,0x000000ec76900000)]
  0x00000266ff48dc60 JavaThread "Sweeper thread" daemon [_thread_blocked, id=628, stack(0x000000ec76900000,0x000000ec76a00000)]
  0x00000266ff59a130 JavaThread "Common-Cleaner" daemon [_thread_blocked, id=17324, stack(0x000000ec76a00000,0x000000ec76b00000)]
  0x00000266ff59e610 JavaThread "Notification Thread" daemon [_thread_blocked, id=11776, stack(0x000000ec76b00000,0x000000ec76c00000)]
  0x000002668ffa9030 JavaThread "Daemon health stats" [_thread_blocked, id=20128, stack(0x000000ec76e00000,0x000000ec76f00000)]
  0x000002668f717b80 JavaThread "Incoming local TCP Connector on port 31549" [_thread_in_native, id=31692, stack(0x000000ec77200000,0x000000ec77300000)]
  0x000002668ff12fe0 JavaThread "Daemon periodic checks" [_thread_blocked, id=16052, stack(0x000000ec77300000,0x000000ec77400000)]
  0x000002668ffbd430 JavaThread "Daemon" [_thread_blocked, id=17840, stack(0x000000ec77400000,0x000000ec77500000)]
  0x0000026690b553f0 JavaThread "Handler for socket connection from /127.0.0.1:31549 to /127.0.0.1:31550" [_thread_in_native, id=32688, stack(0x000000ec77500000,0x000000ec77600000)]
  0x0000026690b85ae0 JavaThread "Cancel handler" [_thread_blocked, id=11296, stack(0x000000ec77600000,0x000000ec77700000)]
  0x000002668ffcc7f0 JavaThread "Daemon worker" [_thread_blocked, id=7476, stack(0x000000ec77700000,0x000000ec77800000)]
  0x000002668fc77b80 JavaThread "Asynchronous log dispatcher for DefaultDaemonConnection: socket connection from /127.0.0.1:31549 to /127.0.0.1:31550" [_thread_blocked, id=28432, stack(0x000000ec77800000,0x000000ec77900000)]
  0x000002668fc776b0 JavaThread "Stdin handler" [_thread_blocked, id=25148, stack(0x000000ec77900000,0x000000ec77a00000)]
  0x000002668fc79d30 JavaThread "Daemon client event forwarder" [_thread_blocked, id=23604, stack(0x000000ec77a00000,0x000000ec77b00000)]
  0x000002668fc78520 JavaThread "Cache worker for journal cache (C:\Users\shrey\.gradle\caches\journal-1)" [_thread_blocked, id=30700, stack(0x000000ec77b00000,0x000000ec77c00000)]
  0x000002668fc78050 JavaThread "File lock request listener" [_thread_in_native, id=24092, stack(0x000000ec77c00000,0x000000ec77d00000)]
  0x000002668fc7a200 JavaThread "Cache worker for file hash cache (C:\Users\shrey\.gradle\caches\8.0\fileHashes)" [_thread_blocked, id=3980, stack(0x000000ec77d00000,0x000000ec77e00000)]
  0x000002668fc78ec0 JavaThread "File watcher server" daemon [_thread_blocked, id=20724, stack(0x000000ec77e00000,0x000000ec77f00000)]
  0x000002668fc79390 JavaThread "File watcher consumer" daemon [_thread_blocked, id=20540, stack(0x000000ec77f00000,0x000000ec78000000)]
  0x000002668fc7a6d0 JavaThread "Cache worker for checksums cache (C:\Users\shrey\AndroidStudioProjects\Tamagotchiapp\.gradle\8.0\checksums)" [_thread_blocked, id=21512, stack(0x000000ec78000000,0x000000ec78100000)]
  0x000002668fc7b070 JavaThread "Cache worker for cache directory md-rule (C:\Users\shrey\.gradle\caches\8.0\md-rule)" [_thread_blocked, id=19008, stack(0x000000ec78100000,0x000000ec78200000)]
  0x000002668fc789f0 JavaThread "Cache worker for file content cache (C:\Users\shrey\.gradle\caches\8.0\fileContent)" [_thread_blocked, id=10660, stack(0x000000ec78200000,0x000000ec78300000)]
  0x000002668fc79860 JavaThread "Cache worker for file hash cache (C:\Users\shrey\AndroidStudioProjects\Tamagotchiapp\.gradle\8.0\fileHashes)" [_thread_blocked, id=26196, stack(0x000000ec78300000,0x000000ec78400000)]
  0x000002668fc7aba0 JavaThread "Cache worker for cache directory md-supplier (C:\Users\shrey\.gradle\caches\8.0\md-supplier)" [_thread_blocked, id=2020, stack(0x000000ec78400000,0x000000ec78500000)]
  0x0000026690d98040 JavaThread "Cache worker for execution history cache (C:\Users\shrey\.gradle\caches\8.0\executionHistory)" [_thread_blocked, id=25868, stack(0x000000ec78500000,0x000000ec78600000)]
  0x0000026690d95e90 JavaThread "jar transforms" [_thread_blocked, id=25456, stack(0x000000ec78600000,0x000000ec78700000)]
  0x0000026690d954f0 JavaThread "jar transforms Thread 2" [_thread_blocked, id=31704, stack(0x000000ec78700000,0x000000ec78800000)]
  0x0000026690d97b70 JavaThread "Cache worker for kotlin-dsl (C:\Users\shrey\.gradle\caches\8.0\kotlin-dsl)" [_thread_blocked, id=28412, stack(0x000000ec78900000,0x000000ec78a00000)]
  0x0000026690d96830 JavaThread "jar transforms Thread 3" [_thread_blocked, id=18596, stack(0x000000ec78a00000,0x000000ec78b00000)]
  0x0000026690d976a0 JavaThread "jar transforms Thread 4" [_thread_blocked, id=22892, stack(0x000000ec78b00000,0x000000ec78c00000)]
  0x0000026690d96d00 JavaThread "Cache worker for dependencies-accessors (C:\Users\shrey\AndroidStudioProjects\Tamagotchiapp\.gradle\8.0\dependencies-accessors)" [_thread_blocked, id=29992, stack(0x000000ec78c00000,0x000000ec78d00000)]
  0x0000026690d94b50 JavaThread "Cache worker for Build Output Cleanup Cache (C:\Users\shrey\AndroidStudioProjects\Tamagotchiapp\.gradle\buildOutputCleanup)" [_thread_blocked, id=7612, stack(0x000000ec78d00000,0x000000ec78e00000)]
  0x0000026690d971d0 JavaThread "Unconstrained build operations" [_thread_blocked, id=2532, stack(0x000000ec78e00000,0x000000ec78f00000)]
  0x0000026690d95020 JavaThread "Unconstrained build operations Thread 2" [_thread_blocked, id=8260, stack(0x000000ec78f00000,0x000000ec79000000)]
  0x0000026692cdf580 JavaThread "Unconstrained build operations Thread 3" [_thread_blocked, id=32216, stack(0x000000ec79000000,0x000000ec79100000)]
  0x0000026692cdbbc0 JavaThread "Unconstrained build operations Thread 4" [_thread_blocked, id=24404, stack(0x000000ec79100000,0x000000ec79200000)]
  0x0000026692ce08c0 JavaThread "Unconstrained build operations Thread 5" [_thread_blocked, id=31592, stack(0x000000ec79200000,0x000000ec79300000)]
  0x0000026692cdc090 JavaThread "Unconstrained build operations Thread 6" [_thread_blocked, id=32596, stack(0x000000ec79300000,0x000000ec79400000)]
  0x0000026692ce0d90 JavaThread "Unconstrained build operations Thread 7" [_thread_blocked, id=32052, stack(0x000000ec79400000,0x000000ec79500000)]
  0x0000026692cdad50 JavaThread "Unconstrained build operations Thread 8" [_thread_blocked, id=17788, stack(0x000000ec79500000,0x000000ec79600000)]
  0x0000026692cde240 JavaThread "Unconstrained build operations Thread 9" [_thread_blocked, id=5596, stack(0x000000ec79600000,0x000000ec79700000)]
  0x0000026692ce1c00 JavaThread "Unconstrained build operations Thread 10" [_thread_blocked, id=26600, stack(0x000000ec79700000,0x000000ec79800000)]
  0x0000026692ce20d0 JavaThread "Unconstrained build operations Thread 11" [_thread_blocked, id=14276, stack(0x000000ec79800000,0x000000ec79900000)]
  0x0000026692cdcf00 JavaThread "Unconstrained build operations Thread 12" [_thread_blocked, id=14848, stack(0x000000ec79900000,0x000000ec79a00000)]
  0x0000026692ce1260 JavaThread "Unconstrained build operations Thread 13" [_thread_blocked, id=22644, stack(0x000000ec79a00000,0x000000ec79b00000)]
  0x0000026692cdf0b0 JavaThread "Unconstrained build operations Thread 14" [_thread_blocked, id=11184, stack(0x000000ec79b00000,0x000000ec79c00000)]
  0x0000026692cde710 JavaThread "Unconstrained build operations Thread 15" [_thread_blocked, id=16320, stack(0x000000ec79c00000,0x000000ec79d00000)]
  0x0000026692ce1730 JavaThread "Unconstrained build operations Thread 16" [_thread_blocked, id=29888, stack(0x000000ec79d00000,0x000000ec79e00000)]
  0x0000026692cdfa50 JavaThread "Unconstrained build operations Thread 17" [_thread_blocked, id=26540, stack(0x000000ec79e00000,0x000000ec79f00000)]
  0x0000026692ce03f0 JavaThread "Unconstrained build operations Thread 18" [_thread_blocked, id=7456, stack(0x000000ec79f00000,0x000000ec7a000000)]
  0x0000026692cdebe0 JavaThread "Unconstrained build operations Thread 19" [_thread_blocked, id=24680, stack(0x000000ec7a000000,0x000000ec7a100000)]
  0x0000026692cdff20 JavaThread "Unconstrained build operations Thread 20" [_thread_blocked, id=22792, stack(0x000000ec7a100000,0x000000ec7a200000)]
  0x0000026692cdb220 JavaThread "Unconstrained build operations Thread 21" [_thread_blocked, id=25512, stack(0x000000ec7a200000,0x000000ec7a300000)]
  0x0000026692cdc560 JavaThread "Unconstrained build operations Thread 22" [_thread_blocked, id=25576, stack(0x000000ec7a300000,0x000000ec7a400000)]
  0x0000026692cdca30 JavaThread "Unconstrained build operations Thread 23" [_thread_blocked, id=27536, stack(0x000000ec7a400000,0x000000ec7a500000)]
  0x0000026692cdd8a0 JavaThread "Unconstrained build operations Thread 24" [_thread_blocked, id=27400, stack(0x000000ec7a500000,0x000000ec7a600000)]
  0x0000026692ce25a0 JavaThread "Unconstrained build operations Thread 25" [_thread_blocked, id=15076, stack(0x000000ec7a600000,0x000000ec7a700000)]
  0x0000026692cdb6f0 JavaThread "Unconstrained build operations Thread 26" [_thread_blocked, id=14756, stack(0x000000ec7a700000,0x000000ec7a800000)]
  0x0000026692cdd3d0 JavaThread "Unconstrained build operations Thread 27" [_thread_blocked, id=11948, stack(0x000000ec7a800000,0x000000ec7a900000)]
  0x0000026692cddd70 JavaThread "Unconstrained build operations Thread 28" [_thread_blocked, id=30508, stack(0x000000ec7a900000,0x000000ec7aa00000)]
  0x000002669306f8c0 JavaThread "Unconstrained build operations Thread 29" [_thread_blocked, id=28296, stack(0x000000ec7aa00000,0x000000ec7ab00000)]
  0x000002669306c8a0 JavaThread "Unconstrained build operations Thread 30" [_thread_blocked, id=19680, stack(0x000000ec7ab00000,0x000000ec7ac00000)]
  0x000002669306c3d0 JavaThread "Unconstrained build operations Thread 31" [_thread_blocked, id=7164, stack(0x000000ec7ac00000,0x000000ec7ad00000)]
  0x000002669306cd70 JavaThread "Unconstrained build operations Thread 32" [_thread_blocked, id=32620, stack(0x000000ec7ad00000,0x000000ec7ae00000)]
  0x000002669306dbe0 JavaThread "Unconstrained build operations Thread 33" [_thread_blocked, id=4080, stack(0x000000ec7ae00000,0x000000ec7af00000)]
  0x0000026693068540 JavaThread "Unconstrained build operations Thread 34" [_thread_blocked, id=12116, stack(0x000000ec7af00000,0x000000ec7b000000)]
  0x000002669306ba30 JavaThread "Unconstrained build operations Thread 35" [_thread_blocked, id=18328, stack(0x000000ec7b000000,0x000000ec7b100000)]
  0x000002669306a6f0 JavaThread "Unconstrained build operations Thread 36" [_thread_blocked, id=11616, stack(0x000000ec7b100000,0x000000ec7b200000)]
  0x000002669306ea50 JavaThread "Unconstrained build operations Thread 37" [_thread_blocked, id=19324, stack(0x000000ec7b200000,0x000000ec7b300000)]
  0x0000026693069880 JavaThread "Unconstrained build operations Thread 38" [_thread_blocked, id=12908, stack(0x000000ec7b300000,0x000000ec7b400000)]
  0x000002669306b090 JavaThread "Unconstrained build operations Thread 39" [_thread_blocked, id=14268, stack(0x000000ec7b400000,0x000000ec7b500000)]
  0x000002669306ef20 JavaThread "Unconstrained build operations Thread 40" [_thread_blocked, id=28896, stack(0x000000ec7b500000,0x000000ec7b600000)]
  0x0000026693068a10 JavaThread "build event listener" [_thread_blocked, id=19504, stack(0x000000ec7b600000,0x000000ec7b700000)]
  0x0000026692f4a8b0 JavaThread "C2 CompilerThread1" daemon [_thread_blocked, id=24436, stack(0x000000ec7b700000,0x000000ec7b800000)]
  0x000002669306abc0 JavaThread "Memory manager" [_thread_blocked, id=31836, stack(0x000000ec7b800000,0x000000ec7b900000)]
  0x000002669306e0b0 JavaThread "build event listener" [_thread_blocked, id=9924, stack(0x000000ec7b900000,0x000000ec7ba00000)]
  0x000002669306b560 JavaThread "build event listener" [_thread_blocked, id=28880, stack(0x000000ec7ba00000,0x000000ec7bb00000)]
  0x000002669306a220 JavaThread "pool-3-thread-1" [_thread_blocked, id=11884, stack(0x000000ec7bb00000,0x000000ec7bc00000)]
  0x0000026693068070 JavaThread "build event listener" [_thread_blocked, id=15608, stack(0x000000ec7bc00000,0x000000ec7bd00000)]
  0x000002669750e630 JavaThread "included builds" [_thread_blocked, id=27684, stack(0x000000ec7bd00000,0x000000ec7be00000)]
  0x000002669750e160 JavaThread "Execution worker" [_thread_blocked, id=14448, stack(0x000000ec7be00000,0x000000ec7bf00000)]
  0x000002669750c480 JavaThread "Execution worker Thread 2" [_thread_blocked, id=32640, stack(0x000000ec7bf00000,0x000000ec7c000000)]
  0x0000026697512e60 JavaThread "Execution worker Thread 3" [_thread_blocked, id=21088, stack(0x000000ec7c000000,0x000000ec7c100000)]
  0x0000026697511ff0 JavaThread "Cache worker for execution history cache (C:\Users\shrey\AndroidStudioProjects\Tamagotchiapp\.gradle\8.0\executionHistory)" [_thread_blocked, id=31520, stack(0x000000ec7c100000,0x000000ec7c200000)]

Other Threads:
=>0x00000266fe8e9d40 VMThread "VM Thread" [stack: 0x000000ec76000000,0x000000ec76100000] [id=31940]
  0x00000266ff54a530 WatcherThread [stack: 0x000000ec76c00000,0x000000ec76d00000] [id=11852]
  0x00000266f43880d0 GCTaskThread "GC Thread#0" [stack: 0x000000ec75b00000,0x000000ec75c00000] [id=19464]
  0x000002668f06abb0 GCTaskThread "GC Thread#1" [stack: 0x000000ec76f00000,0x000000ec77000000] [id=26776]
  0x00000266ffc9b910 GCTaskThread "GC Thread#2" [stack: 0x000000ec77000000,0x000000ec77100000] [id=23152]
  0x000002668f648460 GCTaskThread "GC Thread#3" [stack: 0x000000ec77100000,0x000000ec77200000] [id=24916]
  0x00000266f4399010 ConcurrentGCThread "G1 Main Marker" [stack: 0x000000ec75c00000,0x000000ec75d00000] [id=13260]
  0x00000266f4399a20 ConcurrentGCThread "G1 Conc#0" [stack: 0x000000ec75d00000,0x000000ec75e00000] [id=11012]
  0x00000266f43eea70 ConcurrentGCThread "G1 Refine#0" [stack: 0x000000ec75e00000,0x000000ec75f00000] [id=27876]
  0x0000026690d94800 ConcurrentGCThread "G1 Refine#1" [stack: 0x000000ec78800000,0x000000ec78900000] [id=8380]
  0x00000266fe742600 ConcurrentGCThread "G1 Service" [stack: 0x000000ec75f00000,0x000000ec76000000] [id=20556]

Threads with active compile tasks:
C2 CompilerThread0    22663 10141       4       org.gradle.tooling.internal.provider.runner.ClientBuildEventGenerator::started (168 bytes)
C2 CompilerThread1    22663 10126       4       java.lang.invoke.MethodType::makeImpl (109 bytes)

VM state: at safepoint (normal execution)

VM Mutex/Monitor currently owned by a thread:  ([mutex/lock_event])
[0x00000266f43277b0] Threads_lock - owner thread: 0x00000266fe8e9d40
[0x00000266f43284a0] Heap_lock - owner thread: 0x000002668fc79390

Heap address: 0x0000000080000000, size: 2048 MB, Compressed Oops mode: 32-bit

CDS archive(s) not mapped
Compressed class space mapped at: 0x0000000100000000-0x0000000140000000, reserved size: 1073741824
Narrow klass base: 0x0000000000000000, Narrow klass shift: 3, Narrow klass range: 0x140000000

GC Precious Log:
 CPUs: 4 total, 4 available
 Memory: 7991M
 Large Page Support: Disabled
 NUMA Support: Disabled
 Compressed Oops: Enabled (32-bit)
 Heap Region Size: 1M
 Heap Min Capacity: 8M
 Heap Initial Capacity: 126M
 Heap Max Capacity: 2G
 Pre-touch: Disabled
 Parallel Workers: 4
 Concurrent Workers: 1
 Concurrent Refinement Workers: 4
 Periodic GC: Disabled

Heap:
 garbage-first heap   total 152576K, used 89766K [0x0000000080000000, 0x0000000100000000)
  region size 1024K, 1 young (1024K), 1 survivors (1024K)
 Metaspace       used 97610K, committed 98304K, reserved 1138688K
  class space    used 13195K, committed 13504K, reserved 1048576K

Heap Regions: E=young(eden), S=young(survivor), O=old, HS=humongous(starts), HC=humongous(continues), CS=collection set, F=free, OA=open archive, CA=closed archive, TAMS=top-at-mark-start (previous, next)
|   0|0x0000000080000000, 0x0000000080100000, 0x0000000080100000|100%| O|  |TAMS 0x0000000080100000, 0x0000000080000000| Untracked 
|   1|0x0000000080100000, 0x0000000080200000, 0x0000000080200000|100%| O|  |TAMS 0x0000000080200000, 0x0000000080100000| Untracked 
|   2|0x0000000080200000, 0x0000000080300000, 0x0000000080300000|100%|HS|  |TAMS 0x0000000080300000, 0x0000000080200000| Complete 
|   3|0x0000000080300000, 0x0000000080400000, 0x0000000080400000|100%|HC|  |TAMS 0x0000000080400000, 0x0000000080300000| Complete 
|   4|0x0000000080400000, 0x0000000080500000, 0x0000000080500000|100%|HC|  |TAMS 0x0000000080500000, 0x0000000080400000| Complete 
|   5|0x0000000080500000, 0x0000000080600000, 0x0000000080600000|100%|HC|  |TAMS 0x0000000080600000, 0x0000000080500000| Complete 
|   6|0x0000000080600000, 0x0000000080700000, 0x0000000080700000|100%| O|  |TAMS 0x0000000080700000, 0x0000000080600000| Untracked 
|   7|0x0000000080700000, 0x0000000080800000, 0x0000000080800000|100%| O|  |TAMS 0x0000000080800000, 0x0000000080700000| Untracked 
|   8|0x0000000080800000, 0x0000000080900000, 0x0000000080900000|100%| O|  |TAMS 0x0000000080900000, 0x0000000080800000| Untracked 
|   9|0x0000000080900000, 0x0000000080a00000, 0x0000000080a00000|100%| O|  |TAMS 0x0000000080a00000, 0x0000000080900000| Untracked 
|  10|0x0000000080a00000, 0x0000000080b00000, 0x0000000080b00000|100%| O|  |TAMS 0x0000000080b00000, 0x0000000080a00000| Untracked 
|  11|0x0000000080b00000, 0x0000000080c00000, 0x0000000080c00000|100%| O|  |TAMS 0x0000000080c00000, 0x0000000080b00000| Untracked 
|  12|0x0000000080c00000, 0x0000000080d00000, 0x0000000080d00000|100%| O|  |TAMS 0x0000000080d00000, 0x0000000080c00000| Untracked 
|  13|0x0000000080d00000, 0x0000000080e00000, 0x0000000080e00000|100%| O|  |TAMS 0x0000000080e00000, 0x0000000080d00000| Untracked 
|  14|0x0000000080e00000, 0x0000000080f00000, 0x0000000080f00000|100%| O|  |TAMS 0x0000000080f00000, 0x0000000080e00000| Untracked 
|  15|0x0000000080f00000, 0x0000000081000000, 0x0000000081000000|100%| O|  |TAMS 0x0000000081000000, 0x0000000080f00000| Untracked 
|  16|0x0000000081000000, 0x0000000081100000, 0x0000000081100000|100%| O|  |TAMS 0x0000000081100000, 0x0000000081000000| Untracked 
|  17|0x0000000081100000, 0x0000000081200000, 0x0000000081200000|100%| O|  |TAMS 0x0000000081200000, 0x0000000081100000| Untracked 
|  18|0x0000000081200000, 0x0000000081300000, 0x0000000081300000|100%| O|  |TAMS 0x0000000081300000, 0x0000000081200000| Untracked 
|  19|0x0000000081300000, 0x0000000081400000, 0x0000000081400000|100%| O|  |TAMS 0x0000000081400000, 0x0000000081300000| Untracked 
|  20|0x0000000081400000, 0x0000000081500000, 0x0000000081500000|100%| O|  |TAMS 0x0000000081500000, 0x0000000081400000| Untracked 
|  21|0x0000000081500000, 0x0000000081600000, 0x0000000081600000|100%| O|  |TAMS 0x0000000081600000, 0x0000000081500000| Untracked 
|  22|0x0000000081600000, 0x0000000081700000, 0x0000000081700000|100%| O|  |TAMS 0x0000000081700000, 0x0000000081600000| Untracked 
|  23|0x0000000081700000, 0x0000000081700000, 0x0000000081800000|  0%| F|  |TAMS 0x0000000081700000, 0x0000000081700000| Untracked 
|  24|0x0000000081800000, 0x0000000081900000, 0x0000000081900000|100%| O|  |TAMS 0x0000000081900000, 0x0000000081800000| Untracked 
|  25|0x0000000081900000, 0x0000000081a00000, 0x0000000081a00000|100%| O|  |TAMS 0x0000000081a00000, 0x0000000081900000| Untracked 
|  26|0x0000000081a00000, 0x0000000081b00000, 0x0000000081b00000|100%| O|  |TAMS 0x0000000081b00000, 0x0000000081a00000| Untracked 
|  27|0x0000000081b00000, 0x0000000081c00000, 0x0000000081c00000|100%| O|  |TAMS 0x0000000081c00000, 0x0000000081b00000| Untracked 
|  28|0x0000000081c00000, 0x0000000081d00000, 0x0000000081d00000|100%| O|  |TAMS 0x0000000081d00000, 0x0000000081c00000| Untracked 
|  29|0x0000000081d00000, 0x0000000081e00000, 0x0000000081e00000|100%| O|  |TAMS 0x0000000081e00000, 0x0000000081d00000| Untracked 
|  30|0x0000000081e00000, 0x0000000081f00000, 0x0000000081f00000|100%| O|  |TAMS 0x0000000081f00000, 0x0000000081e00000| Untracked 
|  31|0x0000000081f00000, 0x0000000082000000, 0x0000000082000000|100%| O|  |TAMS 0x0000000082000000, 0x0000000081f00000| Untracked 
|  32|0x0000000082000000, 0x0000000082100000, 0x0000000082100000|100%|HS|  |TAMS 0x0000000082100000, 0x0000000082000000| Complete 
|  33|0x0000000082100000, 0x0000000082200000, 0x0000000082200000|100%|HS|  |TAMS 0x0000000082200000, 0x0000000082100000| Complete 
|  34|0x0000000082200000, 0x0000000082300000, 0x0000000082300000|100%| O|  |TAMS 0x0000000082300000, 0x0000000082200000| Untracked 
|  35|0x0000000082300000, 0x0000000082400000, 0x0000000082400000|100%| O|  |TAMS 0x0000000082400000, 0x0000000082300000| Untracked 
|  36|0x0000000082400000, 0x0000000082500000, 0x0000000082500000|100%| O|  |TAMS 0x0000000082500000, 0x0000000082400000| Untracked 
|  37|0x0000000082500000, 0x0000000082600000, 0x0000000082600000|100%| O|  |TAMS 0x0000000082600000, 0x0000000082500000| Untracked 
|  38|0x0000000082600000, 0x0000000082700000, 0x0000000082700000|100%|HS|  |TAMS 0x0000000082700000, 0x0000000082600000| Complete 
|  39|0x0000000082700000, 0x0000000082800000, 0x0000000082800000|100%|HC|  |TAMS 0x0000000082800000, 0x0000000082700000| Complete 
|  40|0x0000000082800000, 0x0000000082900000, 0x0000000082900000|100%|HS|  |TAMS 0x0000000082900000, 0x0000000082800000| Complete 
|  41|0x0000000082900000, 0x0000000082a00000, 0x0000000082a00000|100%|HS|  |TAMS 0x0000000082a00000, 0x0000000082900000| Complete 
|  42|0x0000000082a00000, 0x0000000082b00000, 0x0000000082b00000|100%|HC|  |TAMS 0x0000000082b00000, 0x0000000082a00000| Complete 
|  43|0x0000000082b00000, 0x0000000082c00000, 0x0000000082c00000|100%|HC|  |TAMS 0x0000000082c00000, 0x0000000082b00000| Complete 
|  44|0x0000000082c00000, 0x0000000082d00000, 0x0000000082d00000|100%|HC|  |TAMS 0x0000000082d00000, 0x0000000082c00000| Complete 
|  45|0x0000000082d00000, 0x0000000082e00000, 0x0000000082e00000|100%| O|  |TAMS 0x0000000082e00000, 0x0000000082d00000| Untracked 
|  46|0x0000000082e00000, 0x0000000082f00000, 0x0000000082f00000|100%| O|  |TAMS 0x0000000082f00000, 0x0000000082e00000| Untracked 
|  47|0x0000000082f00000, 0x0000000083000000, 0x0000000083000000|100%| O|  |TAMS 0x0000000083000000, 0x0000000082f00000| Untracked 
|  48|0x0000000083000000, 0x0000000083100000, 0x0000000083100000|100%| O|  |TAMS 0x0000000083100000, 0x0000000083000000| Untracked 
|  49|0x0000000083100000, 0x0000000083200000, 0x0000000083200000|100%| O|  |TAMS 0x0000000083200000, 0x0000000083100000| Untracked 
|  50|0x0000000083200000, 0x0000000083300000, 0x0000000083300000|100%| O|  |TAMS 0x0000000083300000, 0x0000000083200000| Untracked 
|  51|0x0000000083300000, 0x0000000083400000, 0x0000000083400000|100%| O|  |TAMS 0x0000000083300000, 0x0000000083300000| Untracked 
|  52|0x0000000083400000, 0x0000000083500000, 0x0000000083500000|100%| O|  |TAMS 0x0000000083500000, 0x0000000083400000| Untracked 
|  53|0x0000000083500000, 0x0000000083600000, 0x0000000083600000|100%| O|  |TAMS 0x0000000083600000, 0x0000000083500000| Untracked 
|  54|0x0000000083600000, 0x0000000083700000, 0x0000000083700000|100%| O|  |TAMS 0x0000000083700000, 0x0000000083600000| Untracked 
|  55|0x0000000083700000, 0x0000000083800000, 0x0000000083800000|100%| O|  |TAMS 0x0000000083800000, 0x0000000083700000| Untracked 
|  56|0x0000000083800000, 0x0000000083900000, 0x0000000083900000|100%| O|  |TAMS 0x0000000083900000, 0x0000000083800000| Untracked 
|  57|0x0000000083900000, 0x0000000083a00000, 0x0000000083a00000|100%| O|  |TAMS 0x0000000083a00000, 0x0000000083900000| Untracked 
|  58|0x0000000083a00000, 0x0000000083b00000, 0x0000000083b00000|100%| O|  |TAMS 0x0000000083b00000, 0x0000000083a00000| Untracked 
|  59|0x0000000083b00000, 0x0000000083c00000, 0x0000000083c00000|100%| O|  |TAMS 0x0000000083c00000, 0x0000000083b00000| Untracked 
|  60|0x0000000083c00000, 0x0000000083d00000, 0x0000000083d00000|100%| O|  |TAMS 0x0000000083d00000, 0x0000000083c00000| Untracked 
|  61|0x0000000083d00000, 0x0000000083e00000, 0x0000000083e00000|100%| O|  |TAMS 0x0000000083e00000, 0x0000000083d00000| Untracked 
|  62|0x0000000083e00000, 0x0000000083f00000, 0x0000000083f00000|100%| O|  |TAMS 0x0000000083f00000, 0x0000000083e00000| Untracked 
|  63|0x0000000083f00000, 0x0000000084000000, 0x0000000084000000|100%| O|  |TAMS 0x0000000084000000, 0x0000000083f00000| Untracked 
|  64|0x0000000084000000, 0x0000000084100000, 0x0000000084100000|100%| O|  |TAMS 0x0000000084100000, 0x0000000084000000| Untracked 
|  65|0x0000000084100000, 0x0000000084200000, 0x0000000084200000|100%| O|  |TAMS 0x0000000084200000, 0x0000000084100000| Untracked 
|  66|0x0000000084200000, 0x0000000084300000, 0x0000000084300000|100%| O|  |TAMS 0x0000000084300000, 0x0000000084200000| Untracked 
|  67|0x0000000084300000, 0x0000000084400000, 0x0000000084400000|100%| O|  |TAMS 0x0000000084400000, 0x0000000084300000| Untracked 
|  68|0x0000000084400000, 0x0000000084500000, 0x0000000084500000|100%| O|  |TAMS 0x0000000084500000, 0x0000000084400000| Untracked 
|  69|0x0000000084500000, 0x0000000084600000, 0x0000000084600000|100%| O|  |TAMS 0x0000000084600000, 0x0000000084500000| Untracked 
|  70|0x0000000084600000, 0x0000000084700000, 0x0000000084700000|100%| O|  |TAMS 0x0000000084700000, 0x0000000084600000| Untracked 
|  71|0x0000000084700000, 0x0000000084800000, 0x0000000084800000|100%| O|  |TAMS 0x0000000084800000, 0x0000000084700000| Untracked 
|  72|0x0000000084800000, 0x0000000084900000, 0x0000000084900000|100%| O|  |TAMS 0x0000000084900000, 0x0000000084800000| Untracked 
|  73|0x0000000084900000, 0x0000000084a00000, 0x0000000084a00000|100%| O|  |TAMS 0x0000000084a00000, 0x0000000084900000| Untracked 
|  74|0x0000000084a00000, 0x0000000084b00000, 0x0000000084b00000|100%| O|  |TAMS 0x0000000084b00000, 0x0000000084a00000| Untracked 
|  75|0x0000000084b00000, 0x0000000084c00000, 0x0000000084c00000|100%| O|  |TAMS 0x0000000084bf6600, 0x0000000084b00000| Untracked 
|  76|0x0000000084c00000, 0x0000000084d00000, 0x0000000084d00000|100%| O|  |TAMS 0x0000000084c00000, 0x0000000084c00000| Untracked 
|  77|0x0000000084d00000, 0x0000000084e00000, 0x0000000084e00000|100%| O|  |TAMS 0x0000000084d00000, 0x0000000084d00000| Untracked 
|  78|0x0000000084e00000, 0x0000000084f00000, 0x0000000084f00000|100%| O|  |TAMS 0x0000000084e00000, 0x0000000084e00000| Untracked 
|  79|0x0000000084f00000, 0x0000000085000000, 0x0000000085000000|100%| O|  |TAMS 0x0000000084f00000, 0x0000000084f00000| Untracked 
|  80|0x0000000085000000, 0x0000000085100000, 0x0000000085100000|100%| O|  |TAMS 0x0000000085000000, 0x0000000085000000| Untracked 
|  81|0x0000000085100000, 0x0000000085200000, 0x0000000085200000|100%| O|  |TAMS 0x0000000085100000, 0x0000000085100000| Untracked 
|  82|0x0000000085200000, 0x0000000085300000, 0x0000000085300000|100%| O|  |TAMS 0x0000000085200000, 0x0000000085200000| Untracked 
|  83|0x0000000085300000, 0x0000000085400000, 0x0000000085400000|100%| O|  |TAMS 0x0000000085300000, 0x0000000085300000| Untracked 
|  84|0x0000000085400000, 0x0000000085500000, 0x0000000085500000|100%| O|  |TAMS 0x0000000085400000, 0x0000000085400000| Untracked 
|  85|0x0000000085500000, 0x0000000085600000, 0x0000000085600000|100%| O|  |TAMS 0x0000000085500000, 0x0000000085500000| Untracked 
|  86|0x0000000085600000, 0x0000000085700000, 0x0000000085700000|100%| O|  |TAMS 0x0000000085600000, 0x0000000085600000| Untracked 
|  87|0x0000000085700000, 0x00000000857b7600, 0x0000000085800000| 71%| O|  |TAMS 0x0000000085700000, 0x0000000085700000| Untracked 
|  88|0x0000000085800000, 0x0000000085800000, 0x0000000085900000|  0%| F|  |TAMS 0x0000000085800000, 0x0000000085800000| Untracked 
|  89|0x0000000085900000, 0x0000000085900000, 0x0000000085a00000|  0%| F|  |TAMS 0x0000000085900000, 0x0000000085900000| Untracked 
|  90|0x0000000085a00000, 0x0000000085a00000, 0x0000000085b00000|  0%| F|  |TAMS 0x0000000085a00000, 0x0000000085a00000| Untracked 
|  91|0x0000000085b00000, 0x0000000085b00000, 0x0000000085c00000|  0%| F|  |TAMS 0x0000000085b00000, 0x0000000085b00000| Untracked 
|  92|0x0000000085c00000, 0x0000000085c00000, 0x0000000085d00000|  0%| F|  |TAMS 0x0000000085c00000, 0x0000000085c00000| Untracked 
|  93|0x0000000085d00000, 0x0000000085d00000, 0x0000000085e00000|  0%| F|  |TAMS 0x0000000085d00000, 0x0000000085d00000| Untracked 
|  94|0x0000000085e00000, 0x0000000085e00000, 0x0000000085f00000|  0%| F|  |TAMS 0x0000000085e00000, 0x0000000085e00000| Untracked 
|  95|0x0000000085f00000, 0x0000000085f00000, 0x0000000086000000|  0%| F|  |TAMS 0x0000000085f00000, 0x0000000085f00000| Untracked 
|  96|0x0000000086000000, 0x0000000086000000, 0x0000000086100000|  0%| F|  |TAMS 0x0000000086000000, 0x0000000086000000| Untracked 
|  97|0x0000000086100000, 0x0000000086100000, 0x0000000086200000|  0%| F|  |TAMS 0x0000000086100000, 0x0000000086100000| Untracked 
|  98|0x0000000086200000, 0x0000000086200000, 0x0000000086300000|  0%| F|  |TAMS 0x0000000086200000, 0x0000000086200000| Untracked 
|  99|0x0000000086300000, 0x0000000086300000, 0x0000000086400000|  0%| F|  |TAMS 0x0000000086300000, 0x0000000086300000| Untracked 
| 100|0x0000000086400000, 0x0000000086400000, 0x0000000086500000|  0%| F|  |TAMS 0x0000000086400000, 0x0000000086400000| Untracked 
| 101|0x0000000086500000, 0x0000000086500000, 0x0000000086600000|  0%| F|  |TAMS 0x0000000086500000, 0x0000000086500000| Untracked 
| 102|0x0000000086600000, 0x0000000086600000, 0x0000000086700000|  0%| F|  |TAMS 0x0000000086600000, 0x0000000086600000| Untracked 
| 103|0x0000000086700000, 0x0000000086700000, 0x0000000086800000|  0%| F|  |TAMS 0x0000000086700000, 0x0000000086700000| Untracked 
| 104|0x0000000086800000, 0x0000000086800000, 0x0000000086900000|  0%| F|  |TAMS 0x0000000086800000, 0x0000000086800000| Untracked 
| 105|0x0000000086900000, 0x0000000086900000, 0x0000000086a00000|  0%| F|  |TAMS 0x0000000086900000, 0x0000000086900000| Untracked 
| 106|0x0000000086a00000, 0x0000000086a00000, 0x0000000086b00000|  0%| F|  |TAMS 0x0000000086a00000, 0x0000000086a00000| Untracked 
| 107|0x0000000086b00000, 0x0000000086b00000, 0x0000000086c00000|  0%| F|  |TAMS 0x0000000086b00000, 0x0000000086b00000| Untracked 
| 108|0x0000000086c00000, 0x0000000086c00000, 0x0000000086d00000|  0%| F|  |TAMS 0x0000000086c00000, 0x0000000086c00000| Untracked 
| 109|0x0000000086d00000, 0x0000000086d00000, 0x0000000086e00000|  0%| F|  |TAMS 0x0000000086d00000, 0x0000000086d00000| Untracked 
| 110|0x0000000086e00000, 0x0000000086e00000, 0x0000000086f00000|  0%| F|  |TAMS 0x0000000086e00000, 0x0000000086e00000| Untracked 
| 111|0x0000000086f00000, 0x0000000086f00000, 0x0000000087000000|  0%| F|  |TAMS 0x0000000086f00000, 0x0000000086f00000| Untracked 
| 112|0x0000000087000000, 0x0000000087000000, 0x0000000087100000|  0%| F|  |TAMS 0x0000000087000000, 0x0000000087000000| Untracked 
| 113|0x0000000087100000, 0x0000000087100000, 0x0000000087200000|  0%| F|  |TAMS 0x0000000087100000, 0x0000000087100000| Untracked 
| 114|0x0000000087200000, 0x0000000087200000, 0x0000000087300000|  0%| F|  |TAMS 0x0000000087200000, 0x0000000087200000| Untracked 
| 115|0x0000000087300000, 0x0000000087300000, 0x0000000087400000|  0%| F|  |TAMS 0x0000000087300000, 0x0000000087300000| Untracked 
| 116|0x0000000087400000, 0x0000000087400000, 0x0000000087500000|  0%| F|  |TAMS 0x0000000087400000, 0x0000000087400000| Untracked 
| 117|0x0000000087500000, 0x0000000087500000, 0x0000000087600000|  0%| F|  |TAMS 0x0000000087500000, 0x0000000087500000| Untracked 
| 118|0x0000000087600000, 0x0000000087600000, 0x0000000087700000|  0%| F|  |TAMS 0x0000000087600000, 0x0000000087600000| Untracked 
| 119|0x0000000087700000, 0x0000000087700000, 0x0000000087800000|  0%| F|  |TAMS 0x0000000087700000, 0x0000000087700000| Untracked 
| 120|0x0000000087800000, 0x0000000087800000, 0x0000000087900000|  0%| F|  |TAMS 0x0000000087800000, 0x0000000087800000| Untracked 
| 121|0x0000000087900000, 0x0000000087900000, 0x0000000087a00000|  0%| F|  |TAMS 0x0000000087900000, 0x0000000087900000| Untracked 
| 122|0x0000000087a00000, 0x0000000087a00000, 0x0000000087b00000|  0%| F|  |TAMS 0x0000000087a00000, 0x0000000087a00000| Untracked 
| 123|0x0000000087b00000, 0x0000000087b00000, 0x0000000087c00000|  0%| F|  |TAMS 0x0000000087b00000, 0x0000000087b00000| Untracked 
| 124|0x0000000087c00000, 0x0000000087c00000, 0x0000000087d00000|  0%| F|  |TAMS 0x0000000087c00000, 0x0000000087c00000| Untracked 
| 125|0x0000000087d00000, 0x0000000087d00000, 0x0000000087e00000|  0%| F|  |TAMS 0x0000000087d00000, 0x0000000087d00000| Untracked 
| 126|0x0000000087e00000, 0x0000000087e00000, 0x0000000087f00000|  0%| F|  |TAMS 0x0000000087e00000, 0x0000000087e00000| Untracked 
| 127|0x0000000087f00000, 0x0000000087f00000, 0x0000000088000000|  0%| F|  |TAMS 0x0000000087f00000, 0x0000000087f00000| Untracked 
| 128|0x0000000088000000, 0x0000000088000000, 0x0000000088100000|  0%| F|  |TAMS 0x0000000088000000, 0x0000000088000000| Untracked 
| 129|0x0000000088100000, 0x0000000088100000, 0x0000000088200000|  0%| F|  |TAMS 0x0000000088100000, 0x0000000088100000| Untracked 
| 130|0x0000000088200000, 0x0000000088200000, 0x0000000088300000|  0%| F|  |TAMS 0x0000000088200000, 0x0000000088200000| Untracked 
| 131|0x0000000088300000, 0x0000000088300000, 0x0000000088400000|  0%| F|  |TAMS 0x0000000088300000, 0x0000000088300000| Untracked 
| 132|0x0000000088400000, 0x0000000088400000, 0x0000000088500000|  0%| F|  |TAMS 0x0000000088400000, 0x0000000088400000| Untracked 
| 133|0x0000000088500000, 0x0000000088500000, 0x0000000088600000|  0%| F|  |TAMS 0x0000000088500000, 0x0000000088500000| Untracked 
| 134|0x0000000088600000, 0x0000000088600000, 0x0000000088700000|  0%| F|  |TAMS 0x0000000088600000, 0x0000000088600000| Untracked 
| 135|0x0000000088700000, 0x0000000088700000, 0x0000000088800000|  0%| F|  |TAMS 0x0000000088700000, 0x0000000088700000| Untracked 
| 136|0x0000000088800000, 0x0000000088800000, 0x0000000088900000|  0%| F|  |TAMS 0x0000000088800000, 0x0000000088800000| Untracked 
| 137|0x0000000088900000, 0x0000000088900000, 0x0000000088a00000|  0%| F|  |TAMS 0x0000000088900000, 0x0000000088900000| Untracked 
| 138|0x0000000088a00000, 0x0000000088a00000, 0x0000000088b00000|  0%| F|  |TAMS 0x0000000088a00000, 0x0000000088a00000| Untracked 
| 139|0x0000000088b00000, 0x0000000088b00000, 0x0000000088c00000|  0%| F|  |TAMS 0x0000000088b00000, 0x0000000088b00000| Untracked 
| 140|0x0000000088c00000, 0x0000000088c00000, 0x0000000088d00000|  0%| F|  |TAMS 0x0000000088c00000, 0x0000000088c00000| Untracked 
| 141|0x0000000088d00000, 0x0000000088d00000, 0x0000000088e00000|  0%| F|  |TAMS 0x0000000088d00000, 0x0000000088d00000| Untracked 
| 142|0x0000000088e00000, 0x0000000088e00000, 0x0000000088f00000|  0%| F|  |TAMS 0x0000000088e00000, 0x0000000088e00000| Untracked 
| 143|0x0000000088f00000, 0x0000000088f00000, 0x0000000089000000|  0%| F|  |TAMS 0x0000000088f00000, 0x0000000088f00000| Untracked 
| 144|0x0000000089000000, 0x0000000089000000, 0x0000000089100000|  0%| F|  |TAMS 0x0000000089000000, 0x0000000089000000| Untracked 
| 145|0x0000000089100000, 0x0000000089100000, 0x0000000089200000|  0%| F|  |TAMS 0x0000000089100000, 0x0000000089100000| Untracked 
| 146|0x0000000089200000, 0x00000000892f2260, 0x0000000089300000| 94%| S|CS|TAMS 0x0000000089200000, 0x0000000089200000| Complete 
| 147|0x0000000089300000, 0x0000000089300000, 0x0000000089400000|  0%| F|  |TAMS 0x0000000089300000, 0x0000000089300000| Untracked 
| 148|0x0000000089400000, 0x0000000089400000, 0x0000000089500000|  0%| F|  |TAMS 0x0000000089400000, 0x0000000089400000| Untracked 

Card table byte_map: [0x00000266f7bf0000,0x00000266f7ff0000] _byte_map_base: 0x00000266f77f0000

Marking Bits (Prev, Next): (CMBitMap*) 0x00000266f43886e0, (CMBitMap*) 0x00000266f4388720
 Prev Bits: [0x00000266f83f0000, 0x00000266fa3f0000)
 Next Bits: [0x00000266fa3f0000, 0x00000266fc3f0000)

Polling page: 0x00000266f2300000

Metaspace:

Usage:
  Non-class:     82.44 MB used.
      Class:     12.89 MB used.
       Both:     95.32 MB used.

Virtual space:
  Non-class space:       88.00 MB reserved,      82.81 MB ( 94%) committed,  11 nodes.
      Class space:        1.00 GB reserved,      13.19 MB (  1%) committed,  1 nodes.
             Both:        1.09 GB reserved,      96.00 MB (  9%) committed. 

Chunk freelists:
   Non-Class:  752.00 KB
       Class:  2.77 MB
        Both:  3.50 MB

MaxMetaspaceSize: unlimited
CompressedClassSpaceSize: 1.00 GB
Initial GC threshold: 21.00 MB
Current GC threshold: 156.19 MB
CDS: off
MetaspaceReclaimPolicy: balanced
 - commit_granule_bytes: 65536.
 - commit_granule_words: 8192.
 - virtual_space_node_default_size: 1048576.
 - enlarge_chunks_in_place: 1.
 - new_chunks_are_fully_committed: 0.
 - uncommit_free_chunks: 1.
 - use_allocation_guard: 0.
 - handle_deallocations: 1.


Internal statistics:

num_allocs_failed_limit: 6.
num_arena_births: 944.
num_arena_deaths: 0.
num_vsnodes_births: 12.
num_vsnodes_deaths: 0.
num_space_committed: 1535.
num_space_uncommitted: 0.
num_chunks_returned_to_freelist: 6.
num_chunks_taken_from_freelist: 4496.
num_chunk_merges: 6.
num_chunk_splits: 3017.
num_chunks_enlarged: 2078.
num_purges: 0.
num_inconsistent_stats: 0.

CodeHeap 'non-profiled nmethods': size=120000Kb used=4904Kb max_used=5370Kb free=115095Kb
 bounds [0x0000026687ad0000, 0x0000026688020000, 0x000002668f000000]
CodeHeap 'profiled nmethods': size=120000Kb used=16321Kb max_used=17943Kb free=103679Kb
 bounds [0x0000026680000000, 0x0000026681190000, 0x0000026687530000]
CodeHeap 'non-nmethods': size=5760Kb used=2401Kb max_used=2450Kb free=3358Kb
 bounds [0x0000026687530000, 0x00000266877b0000, 0x0000026687ad0000]
 total_blobs=9518 nmethods=8592 adapters=838
 compilation: enabled
              stopped_count=0, restarted_count=0
 full_count=0

Compilation events (20 events):
Event: 22.546 Thread 0x00000266ff41d970 nmethod 10125 0x0000026687f39790 code [0x0000026687f39940, 0x0000026687f39c28]
Event: 22.546 Thread 0x00000266ff41d970 10128       4       java.lang.invoke.MethodType::equals (31 bytes)
Event: 22.547 Thread 0x00000266ff41fbc0 10135       3       org.gradle.internal.instantiation.generator.AsmBackedClassGenerator$ClassBuilderImpl::addExtensionsProperty (19 bytes)
Event: 22.547 Thread 0x00000266ff41fbc0 nmethod 10135 0x000002668031d290 code [0x000002668031d4a0, 0x000002668031daf8]
Event: 22.547 Thread 0x00000266ff41fbc0 10136       3       org.gradle.internal.instantiation.generator.AsmBackedClassGenerator$ClassBuilderImpl$$Lambda$116/0x000000010026e4e0::<init> (10 bytes)
Event: 22.547 Thread 0x00000266ff41fbc0 nmethod 10136 0x0000026680986910 code [0x0000026680986aa0, 0x0000026680986c58]
Event: 22.548 Thread 0x00000266ff41d970 nmethod 10128 0x0000026687de6390 code [0x0000026687de6520, 0x0000026687de6698]
Event: 22.548 Thread 0x00000266ff41d970 10137       4       org.gradle.model.internal.asm.MethodVisitorScope::_INVOKEVIRTUAL (12 bytes)
Event: 22.548 Thread 0x00000266ff41d970 nmethod 10137 0x0000026687f39490 code [0x0000026687f39620, 0x0000026687f396c8]
Event: 22.562 Thread 0x00000266ff41d970 10138       4       sun.invoke.util.VerifyAccess::isSamePackage (37 bytes)
Event: 22.595 Thread 0x00000266ff41d970 nmethod 10138 0x0000026687b13910 code [0x0000026687b13b20, 0x0000026687b14cf0]
Event: 22.595 Thread 0x00000266ff41d970 10140       4       java.util.Objects::hash (5 bytes)
Event: 22.597 Thread 0x00000266ff41d970 nmethod 10140 0x0000026687f39010 code [0x0000026687f391a0, 0x0000026687f392f8]
Event: 22.597 Thread 0x00000266ff41d970 10139       4       java.nio.Buffer::<init> (105 bytes)
Event: 22.599 Thread 0x00000266ff41d970 nmethod 10139 0x0000026687d34110 code [0x0000026687d342a0, 0x0000026687d34478]
Event: 22.604 Thread 0x00000266ff41d970 10141       4       org.gradle.tooling.internal.provider.runner.ClientBuildEventGenerator::started (168 bytes)
Event: 22.619 Thread 0x00000266ff41fbc0 10143       3       java.lang.ClassLoader::getSystemClassLoader (96 bytes)
Event: 22.620 Thread 0x00000266ff41fbc0 nmethod 10143 0x00000266808be810 code [0x00000266808bea80, 0x00000266808bf688]
Event: 22.625 Thread 0x00000266ff41fbc0 10145       3       com.google.common.collect.RegularImmutableSortedSet::size (8 bytes)
Event: 22.625 Thread 0x00000266ff41fbc0 nmethod 10145 0x00000266809a3e90 code [0x00000266809a4040, 0x00000266809a4208]

GC Heap History (20 events):
Event: 18.607 GC heap after
{Heap after GC invocations=36 (full 0):
 garbage-first heap   total 116736K, used 66180K [0x0000000080000000, 0x0000000100000000)
  region size 1024K, 5 young (5120K), 5 survivors (5120K)
 Metaspace       used 76990K, committed 77504K, reserved 1122304K
  class space    used 10198K, committed 10432K, reserved 1048576K
}
Event: 19.049 GC heap before
{Heap before GC invocations=37 (full 0):
 garbage-first heap   total 119808K, used 92804K [0x0000000080000000, 0x0000000100000000)
  region size 1024K, 31 young (31744K), 5 survivors (5120K)
 Metaspace       used 78551K, committed 79168K, reserved 1122304K
  class space    used 10396K, committed 10688K, reserved 1048576K
}
Event: 19.058 GC heap after
{Heap after GC invocations=38 (full 0):
 garbage-first heap   total 119808K, used 67629K [0x0000000080000000, 0x0000000100000000)
  region size 1024K, 2 young (2048K), 2 survivors (2048K)
 Metaspace       used 78551K, committed 79168K, reserved 1122304K
  class space    used 10396K, committed 10688K, reserved 1048576K
}
Event: 19.189 GC heap before
{Heap before GC invocations=38 (full 0):
 garbage-first heap   total 119808K, used 76845K [0x0000000080000000, 0x0000000100000000)
  region size 1024K, 13 young (13312K), 2 survivors (2048K)
 Metaspace       used 79602K, committed 80192K, reserved 1122304K
  class space    used 10547K, committed 10816K, reserved 1048576K
}
Event: 19.193 GC heap after
{Heap after GC invocations=39 (full 0):
 garbage-first heap   total 144384K, used 68347K [0x0000000080000000, 0x0000000100000000)
  region size 1024K, 3 young (3072K), 3 survivors (3072K)
 Metaspace       used 79602K, committed 80192K, reserved 1122304K
  class space    used 10547K, committed 10816K, reserved 1048576K
}
Event: 19.971 GC heap before
{Heap before GC invocations=40 (full 0):
 garbage-first heap   total 144384K, used 112379K [0x0000000080000000, 0x0000000100000000)
  region size 1024K, 45 young (46080K), 3 survivors (3072K)
 Metaspace       used 84455K, committed 85056K, reserved 1122304K
  class space    used 11421K, committed 11712K, reserved 1048576K
}
Event: 19.977 GC heap after
{Heap after GC invocations=41 (full 0):
 garbage-first heap   total 144384K, used 70277K [0x0000000080000000, 0x0000000100000000)
  region size 1024K, 5 young (5120K), 5 survivors (5120K)
 Metaspace       used 84455K, committed 85056K, reserved 1122304K
  class space    used 11421K, committed 11712K, reserved 1048576K
}
Event: 20.007 GC heap before
{Heap before GC invocations=41 (full 0):
 garbage-first heap   total 144384K, used 72325K [0x0000000080000000, 0x0000000100000000)
  region size 1024K, 7 young (7168K), 5 survivors (5120K)
 Metaspace       used 84691K, committed 85376K, reserved 1130496K
  class space    used 11451K, committed 11776K, reserved 1048576K
}
Event: 20.013 GC heap after
{Heap after GC invocations=42 (full 0):
 garbage-first heap   total 144384K, used 70560K [0x0000000080000000, 0x0000000100000000)
  region size 1024K, 1 young (1024K), 1 survivors (1024K)
 Metaspace       used 84691K, committed 85376K, reserved 1130496K
  class space    used 11451K, committed 11776K, reserved 1048576K
}
Event: 20.768 GC heap before
{Heap before GC invocations=42 (full 0):
 garbage-first heap   total 144384K, used 114592K [0x0000000080000000, 0x0000000100000000)
  region size 1024K, 44 young (45056K), 1 survivors (1024K)
 Metaspace       used 88822K, committed 89472K, reserved 1130496K
  class space    used 12046K, committed 12352K, reserved 1048576K
}
Event: 20.774 GC heap after
{Heap after GC invocations=43 (full 0):
 garbage-first heap   total 144384K, used 73810K [0x0000000080000000, 0x0000000100000000)
  region size 1024K, 4 young (4096K), 4 survivors (4096K)
 Metaspace       used 88822K, committed 89472K, reserved 1130496K
  class space    used 12046K, committed 12352K, reserved 1048576K
}
Event: 21.447 GC heap before
{Heap before GC invocations=44 (full 0):
 garbage-first heap   total 144384K, used 115794K [0x0000000080000000, 0x0000000100000000)
  region size 1024K, 45 young (46080K), 4 survivors (4096K)
 Metaspace       used 94122K, committed 94784K, reserved 1138688K
  class space    used 12798K, committed 13120K, reserved 1048576K
}
Event: 21.455 GC heap after
{Heap after GC invocations=45 (full 0):
 garbage-first heap   total 144384K, used 77365K [0x0000000080000000, 0x0000000100000000)
  region size 1024K, 4 young (4096K), 4 survivors (4096K)
 Metaspace       used 94122K, committed 94784K, reserved 1138688K
  class space    used 12798K, committed 13120K, reserved 1048576K
}
Event: 21.499 GC heap before
{Heap before GC invocations=45 (full 0):
 garbage-first heap   total 144384K, used 80437K [0x0000000080000000, 0x0000000100000000)
  region size 1024K, 7 young (7168K), 4 survivors (4096K)
 Metaspace       used 94276K, committed 94848K, reserved 1138688K
  class space    used 12818K, committed 13120K, reserved 1048576K
}
Event: 21.505 GC heap after
{Heap after GC invocations=46 (full 0):
 garbage-first heap   total 144384K, used 77244K [0x0000000080000000, 0x0000000100000000)
  region size 1024K, 1 young (1024K), 1 survivors (1024K)
 Metaspace       used 94276K, committed 94848K, reserved 1138688K
  class space    used 12818K, committed 13120K, reserved 1048576K
}
Event: 21.944 GC heap before
{Heap before GC invocations=46 (full 0):
 garbage-first heap   total 144384K, used 117180K [0x0000000080000000, 0x0000000100000000)
  region size 1024K, 40 young (40960K), 1 survivors (1024K)
 Metaspace       used 95269K, committed 95872K, reserved 1138688K
  class space    used 12952K, committed 13248K, reserved 1048576K
}
Event: 21.954 GC heap after
{Heap after GC invocations=47 (full 0):
 garbage-first heap   total 144384K, used 82585K [0x0000000080000000, 0x0000000100000000)
  region size 1024K, 5 young (5120K), 5 survivors (5120K)
 Metaspace       used 95269K, committed 95872K, reserved 1138688K
  class space    used 12952K, committed 13248K, reserved 1048576K
}
Event: 22.549 GC heap before
{Heap before GC invocations=48 (full 0):
 garbage-first heap   total 152576K, used 117401K [0x0000000080000000, 0x0000000100000000)
  region size 1024K, 39 young (39936K), 5 survivors (5120K)
 Metaspace       used 97311K, committed 97984K, reserved 1138688K
  class space    used 13131K, committed 13440K, reserved 1048576K
}
Event: 22.561 GC heap after
{Heap after GC invocations=49 (full 0):
 garbage-first heap   total 152576K, used 88795K [0x0000000080000000, 0x0000000100000000)
  region size 1024K, 5 young (5120K), 5 survivors (5120K)
 Metaspace       used 97311K, committed 97984K, reserved 1138688K
  class space    used 13131K, committed 13440K, reserved 1048576K
}
Event: 22.625 GC heap before
{Heap before GC invocations=49 (full 0):
 garbage-first heap   total 152576K, used 89819K [0x0000000080000000, 0x0000000100000000)
  region size 1024K, 7 young (7168K), 5 survivors (5120K)
 Metaspace       used 97610K, committed 98304K, reserved 1138688K
  class space    used 13195K, committed 13504K, reserved 1048576K
}

Dll operation events (2 events):
Event: 0.035 Loaded shared library C:\Program Files\Android\Android Studio1\jbr\bin\java.dll
Event: 0.837 Loaded shared library C:\Program Files\Android\Android Studio1\jbr\bin\verify.dll

Deoptimization events (20 events):
Event: 22.603 Thread 0x0000026697511ff0 Uncommon trap: trap_request=0xffffff45 fr.pc=0x0000026687f786c8 relative=0x0000000000000c48
Event: 22.603 Thread 0x0000026697511ff0 Uncommon trap: reason=unstable_if action=reinterpret pc=0x0000026687f786c8 method=com.google.common.collect.MapMakerInternalMap$Segment.drainKeyReferenceQueue(Ljava/lang/ref/ReferenceQueue;)V @ 8 c2
Event: 22.603 Thread 0x0000026697511ff0 DEOPT PACKING pc=0x0000026687f786c8 sp=0x000000ec7c1fdd40
Event: 22.603 Thread 0x0000026697511ff0 DEOPT UNPACKING pc=0x000002668758a1a3 sp=0x000000ec7c1fdc48 mode 2
Event: 22.607 Thread 0x000002669750c480 Uncommon trap: trap_request=0xffffffde fr.pc=0x0000026687de53e0 relative=0x0000000000000c60
Event: 22.607 Thread 0x000002669750c480 Uncommon trap: reason=class_check action=maybe_recompile pc=0x0000026687de53e0 method=org.gradle.internal.snapshot.ChildMap$Entry.handleAncestorDescendantOrExactMatch(Lorg/gradle/internal/snapshot/VfsRelativePath;Lorg/gradle/internal/snapshot/CaseSensitiv
Event: 22.607 Thread 0x000002669750c480 DEOPT PACKING pc=0x0000026687de53e0 sp=0x000000ec7bffb2c0
Event: 22.607 Thread 0x000002669750c480 DEOPT UNPACKING pc=0x000002668758a1a3 sp=0x000000ec7bffb2a0 mode 2
Event: 22.607 Thread 0x000002669750c480 Uncommon trap: trap_request=0xffffff45 fr.pc=0x0000026687de4af4 relative=0x0000000000000374
Event: 22.607 Thread 0x000002669750c480 Uncommon trap: reason=unstable_if action=reinterpret pc=0x0000026687de4af4 method=org.gradle.internal.snapshot.ChildMap$Entry.handleAncestorDescendantOrExactMatch(Lorg/gradle/internal/snapshot/VfsRelativePath;Lorg/gradle/internal/snapshot/CaseSensitivity;
Event: 22.607 Thread 0x000002669750c480 DEOPT PACKING pc=0x0000026687de4af4 sp=0x000000ec7bffafd0
Event: 22.607 Thread 0x000002669750c480 DEOPT UNPACKING pc=0x000002668758a1a3 sp=0x000000ec7bffafc0 mode 2
Event: 22.610 Thread 0x000002669750c480 Uncommon trap: trap_request=0xffffff45 fr.pc=0x0000026687dd25ec relative=0x00000000000001cc
Event: 22.610 Thread 0x000002669750c480 Uncommon trap: reason=unstable_if action=reinterpret pc=0x0000026687dd25ec method=com.google.common.collect.RegularImmutableSet.contains(Ljava/lang/Object;)Z @ 11 c2
Event: 22.610 Thread 0x000002669750c480 DEOPT PACKING pc=0x0000026687dd25ec sp=0x000000ec7bffb480
Event: 22.610 Thread 0x000002669750c480 DEOPT UNPACKING pc=0x000002668758a1a3 sp=0x000000ec7bffb418 mode 2
Event: 22.612 Thread 0x000002669750c480 Uncommon trap: trap_request=0xffffff45 fr.pc=0x0000026687e80dc0 relative=0x0000000000000280
Event: 22.612 Thread 0x000002669750c480 Uncommon trap: reason=unstable_if action=reinterpret pc=0x0000026687e80dc0 method=org.gradle.internal.file.FileHierarchySet$Node.isChildOfOrThis(Ljava/lang/String;I)Z @ 89 c2
Event: 22.612 Thread 0x000002669750c480 DEOPT PACKING pc=0x0000026687e80dc0 sp=0x000000ec7bffb4b0
Event: 22.612 Thread 0x000002669750c480 DEOPT UNPACKING pc=0x000002668758a1a3 sp=0x000000ec7bffb438 mode 2

Classes unloaded (0 events):
No events

Classes redefined (0 events):
No events

Internal exceptions (20 events):
Event: 22.212 Thread 0x000002668ffcc7f0 Exception <a 'java/lang/ClassNotFoundException'{0x0000000088eeb638}: com/android/build/gradle/internal/tasks/SigningConfigVersionsWriterTaskCustomizer> (0x0000000088eeb638) 
thrown [s\src\hotspot\share\classfile\systemDictionary.cpp, line 256]
Event: 22.213 Thread 0x000002668ffcc7f0 Exception <a 'java/lang/ClassNotFoundException'{0x0000000088d12368}: com/android/build/gradle/internal/tasks/SigningConfigVersionsWriterTask_DecoratedCustomizer> (0x0000000088d12368) 
thrown [s\src\hotspot\share\classfile\systemDictionary.cpp, line 256]
Event: 22.218 Thread 0x000002668ffcc7f0 Exception <a 'java/lang/ClassNotFoundException'{0x0000000088deace8}: com/android/build/gradle/tasks/PackageApplication_DecoratedBeanInfo> (0x0000000088deace8) 
thrown [s\src\hotspot\share\classfile\systemDictionary.cpp, line 256]
Event: 22.219 Thread 0x000002668ffcc7f0 Exception <a 'java/lang/ClassNotFoundException'{0x0000000088df66d0}: com/android/build/gradle/tasks/PackageApplicationBeanInfo> (0x0000000088df66d0) 
thrown [s\src\hotspot\share\classfile\systemDictionary.cpp, line 256]
Event: 22.220 Thread 0x000002668ffcc7f0 Exception <a 'java/lang/ClassNotFoundException'{0x00000000884032e0}: com/android/build/gradle/tasks/PackageAndroidArtifactBeanInfo> (0x00000000884032e0) 
thrown [s\src\hotspot\share\classfile\systemDictionary.cpp, line 256]
Event: 22.220 Thread 0x000002668ffcc7f0 Exception <a 'java/lang/ClassNotFoundException'{0x000000008840ed20}: com/android/build/gradle/tasks/PackageAndroidArtifactCustomizer> (0x000000008840ed20) 
thrown [s\src\hotspot\share\classfile\systemDictionary.cpp, line 256]
Event: 22.224 Thread 0x000002668ffcc7f0 Exception <a 'java/lang/ClassNotFoundException'{0x0000000088467128}: com/android/build/gradle/tasks/PackageApplicationCustomizer> (0x0000000088467128) 
thrown [s\src\hotspot\share\classfile\systemDictionary.cpp, line 256]
Event: 22.225 Thread 0x000002668ffcc7f0 Exception <a 'java/lang/ClassNotFoundException'{0x000000008848e508}: com/android/build/gradle/tasks/PackageApplication_DecoratedCustomizer> (0x000000008848e508) 
thrown [s\src\hotspot\share\classfile\systemDictionary.cpp, line 256]
Event: 22.231 Thread 0x000002668ffcc7f0 Exception <a 'java/lang/ClassNotFoundException'{0x0000000088362940}: com/android/build/gradle/internal/tasks/ListingFileRedirectTask_DecoratedBeanInfo> (0x0000000088362940) 
thrown [s\src\hotspot\share\classfile\systemDictionary.cpp, line 256]
Event: 22.232 Thread 0x000002668ffcc7f0 Exception <a 'java/lang/ClassNotFoundException'{0x000000008836e5c0}: com/android/build/gradle/internal/tasks/ListingFileRedirectTaskBeanInfo> (0x000000008836e5c0) 
thrown [s\src\hotspot\share\classfile\systemDictionary.cpp, line 256]
Event: 22.232 Thread 0x000002668ffcc7f0 Exception <a 'java/lang/ClassNotFoundException'{0x0000000088379fb0}: com/android/build/gradle/internal/tasks/ListingFileRedirectTaskCustomizer> (0x0000000088379fb0) 
thrown [s\src\hotspot\share\classfile\systemDictionary.cpp, line 256]
Event: 22.233 Thread 0x000002668ffcc7f0 Exception <a 'java/lang/ClassNotFoundException'{0x0000000088396bb0}: com/android/build/gradle/internal/tasks/ListingFileRedirectTask_DecoratedCustomizer> (0x0000000088396bb0) 
thrown [s\src\hotspot\share\classfile\systemDictionary.cpp, line 256]
Event: 22.382 Thread 0x000002668ffcc7f0 Exception <a 'java/lang/NoSuchMethodError'{0x000000008790c868}: static Lcom/android/build/gradle/internal/profile/ProjectData;.<clinit>()V> (0x000000008790c868) 
thrown [s\src\hotspot\share\prims\jni.cpp, line 1108]
Event: 22.400 Thread 0x000002668ffcc7f0 Exception <a 'java/lang/NoSuchMethodError'{0x0000000087957598}: static Lcom/android/build/gradle/internal/profile/TaskMetadata;.<clinit>()V> (0x0000000087957598) 
thrown [s\src\hotspot\share\prims\jni.cpp, line 1108]
Event: 22.455 Thread 0x000002668ffcc7f0 Exception <a 'sun/nio/fs/WindowsException'{0x0000000087798b50}> (0x0000000087798b50) 
thrown [s\src\hotspot\share\prims\jni.cpp, line 517]
Event: 22.463 Thread 0x000002668ffcc7f0 Exception <a 'java/lang/NoSuchMethodError'{0x00000000877cc908}: 'java.lang.Object java.lang.invoke.DirectMethodHandle$Holder.newInvokeSpecial(java.lang.Object, java.lang.Object, java.lang.Object, java.lang.Object, int, java.lang.Object)'> (0x00000000877cc908) 
thrown [s\src\hotspot\share\interpreter\linkResolver.cpp, line 771]
Event: 22.463 Thread 0x000002668ffcc7f0 Exception <a 'java/lang/NoSuchMethodError'{0x00000000877d16c8}: 'java.lang.Object java.lang.invoke.Invokers$Holder.linkToTargetMethod(java.lang.Object, java.lang.Object, java.lang.Object, int, java.lang.Object, java.lang.Object)'> (0x00000000877d16c8) 
thrown [s\src\hotspot\share\interpreter\linkResolver.cpp, line 771]
Event: 22.528 Thread 0x000002669750c480 Exception <a 'java/lang/NoSuchMethodError'{0x0000000087324580}: 'void java.lang.invoke.DirectMethodHandle$Holder.invokeInterface(java.lang.Object, java.lang.Object, java.lang.Object, java.lang.Object)'> (0x0000000087324580) 
thrown [s\src\hotspot\share\interpreter\linkResolver.cpp, line 771]
Event: 22.575 Thread 0x000002668fc79d30 Exception <a 'java/lang/NoSuchMethodError'{0x0000000089490630}: static Lorg/gradle/internal/build/event/types/DefaultTaskStartedProgressEvent;.<clinit>()V> (0x0000000089490630) 
thrown [s\src\hotspot\share\prims\jni.cpp, line 1108]
Event: 22.576 Thread 0x000002668fc79d30 Exception <a 'java/lang/NoSuchMethodError'{0x00000000894a0ac8}: static Lorg/gradle/internal/build/event/types/DefaultTaskDescriptor;.<clinit>()V> (0x00000000894a0ac8) 
thrown [s\src\hotspot\share\prims\jni.cpp, line 1108]

VM Operations (20 events):
Event: 21.936 Executing VM operation: ICBufferFull done
Event: 21.944 Executing VM operation: G1CollectForAllocation
Event: 21.954 Executing VM operation: G1CollectForAllocation done
Event: 21.958 Executing VM operation: HandshakeAllThreads
Event: 21.960 Executing VM operation: HandshakeAllThreads done
Event: 22.013 Executing VM operation: HandshakeAllThreads
Event: 22.022 Executing VM operation: HandshakeAllThreads done
Event: 22.035 Executing VM operation: HandshakeAllThreads
Event: 22.052 Executing VM operation: HandshakeAllThreads done
Event: 22.097 Executing VM operation: G1Concurrent
Event: 22.103 Executing VM operation: G1Concurrent done
Event: 22.170 Executing VM operation: G1Concurrent
Event: 22.173 Executing VM operation: G1Concurrent done
Event: 22.387 Executing VM operation: HandshakeAllThreads
Event: 22.388 Executing VM operation: HandshakeAllThreads done
Event: 22.521 Executing VM operation: HandshakeAllThreads
Event: 22.521 Executing VM operation: HandshakeAllThreads done
Event: 22.549 Executing VM operation: G1CollectForAllocation
Event: 22.561 Executing VM operation: G1CollectForAllocation done
Event: 22.625 Executing VM operation: G1CollectForAllocation

Events (20 events):
Event: 22.064 Thread 0x00000266ff48dc60 flushing nmethod 0x00000266810f2b90
Event: 22.064 Thread 0x00000266ff48dc60 flushing nmethod 0x00000266810f4490
Event: 22.064 Thread 0x00000266ff48dc60 flushing nmethod 0x00000266810fcd10
Event: 22.080 loading class java/io/FilterReader
Event: 22.080 loading class java/io/FilterReader done
Event: 22.405 loading class java/util/HashMap$UnsafeHolder
Event: 22.405 loading class java/util/HashMap$UnsafeHolder done
Event: 22.458 Thread 0x000002669306a220 Thread added: 0x000002669306a220
Event: 22.458 loading class java/util/concurrent/ConcurrentLinkedQueue$Itr
Event: 22.459 loading class java/util/concurrent/ConcurrentLinkedQueue$Itr done
Event: 22.459 Thread 0x0000026693068070 Thread added: 0x0000026693068070
Event: 22.492 Thread 0x000002669750e630 Thread added: 0x000002669750e630
Event: 22.503 Thread 0x000002669750e160 Thread added: 0x000002669750e160
Event: 22.503 Thread 0x000002669750c480 Thread added: 0x000002669750c480
Event: 22.503 Thread 0x0000026697512e60 Thread added: 0x0000026697512e60
Event: 22.532 Thread 0x0000026697511ff0 Thread added: 0x0000026697511ff0
Event: 22.571 loading class java/util/TreeMap$KeySpliterator
Event: 22.571 loading class java/util/TreeMap$TreeMapSpliterator
Event: 22.571 loading class java/util/TreeMap$TreeMapSpliterator done
Event: 22.571 loading class java/util/TreeMap$KeySpliterator done


Dynamic libraries:
0x00007ff7bc410000 - 0x00007ff7bc41a000 	C:\Program Files\Android\Android Studio1\jbr\bin\java.exe
0x00007fff3f5d0000 - 0x00007fff3f7e7000 	C:\WINDOWS\SYSTEM32\ntdll.dll
0x00007fff3dc90000 - 0x00007fff3dd54000 	C:\WINDOWS\System32\KERNEL32.DLL
0x00007fff3c910000 - 0x00007fff3ccb6000 	C:\WINDOWS\System32\KERNELBASE.dll
0x00007fff3d030000 - 0x00007fff3d141000 	C:\WINDOWS\System32\ucrtbase.dll
0x00007fff1a620000 - 0x00007fff1a637000 	C:\Program Files\Android\Android Studio1\jbr\bin\jli.dll
0x00007fff3dfd0000 - 0x00007fff3e17e000 	C:\WINDOWS\System32\USER32.dll
0x00007fff3d2f0000 - 0x00007fff3d316000 	C:\WINDOWS\System32\win32u.dll
0x00007fff3ee80000 - 0x00007fff3eea9000 	C:\WINDOWS\System32\GDI32.dll
0x00007fff3ce70000 - 0x00007fff3cf88000 	C:\WINDOWS\System32\gdi32full.dll
0x00007fff3cf90000 - 0x00007fff3d02a000 	C:\WINDOWS\System32\msvcp_win.dll
0x00007fff226b0000 - 0x00007fff226cb000 	C:\Program Files\Android\Android Studio1\jbr\bin\VCRUNTIME140.dll
0x00007fff25b00000 - 0x00007fff25d93000 	C:\WINDOWS\WinSxS\amd64_microsoft.windows.common-controls_6595b64144ccf1df_6.0.22621.2506_none_270c5ae97388e100\COMCTL32.dll
0x00007fff3f1c0000 - 0x00007fff3f267000 	C:\WINDOWS\System32\msvcrt.dll
0x00007fff3efc0000 - 0x00007fff3eff1000 	C:\WINDOWS\System32\IMM32.DLL
0x00007fff24700000 - 0x00007fff2470c000 	C:\Program Files\Android\Android Studio1\jbr\bin\vcruntime140_1.dll
0x00007ffedd8e0000 - 0x00007ffedd96d000 	C:\Program Files\Android\Android Studio1\jbr\bin\msvcp140.dll
0x00007ffe8faa0000 - 0x00007ffe9070e000 	C:\Program Files\Android\Android Studio1\jbr\bin\server\jvm.dll
0x00007fff3f000000 - 0x00007fff3f0b3000 	C:\WINDOWS\System32\ADVAPI32.dll
0x00007fff3f320000 - 0x00007fff3f3c8000 	C:\WINDOWS\System32\sechost.dll
0x00007fff3d150000 - 0x00007fff3d178000 	C:\WINDOWS\System32\bcrypt.dll
0x00007fff3dd60000 - 0x00007fff3de77000 	C:\WINDOWS\System32\RPCRT4.dll
0x00007fff2ee10000 - 0x00007fff2ee19000 	C:\WINDOWS\SYSTEM32\WSOCK32.dll
0x00007fff3eeb0000 - 0x00007fff3ef21000 	C:\WINDOWS\System32\WS2_32.dll
0x00007fff34400000 - 0x00007fff34434000 	C:\WINDOWS\SYSTEM32\WINMM.dll
0x00007fff2d650000 - 0x00007fff2d65a000 	C:\WINDOWS\SYSTEM32\VERSION.dll
0x00007fff3b910000 - 0x00007fff3b928000 	C:\WINDOWS\SYSTEM32\kernel.appcore.dll
0x00007fff26700000 - 0x00007fff2670a000 	C:\Program Files\Android\Android Studio1\jbr\bin\jimage.dll
0x00007fff39c80000 - 0x00007fff39eb3000 	C:\WINDOWS\SYSTEM32\DBGHELP.DLL
0x00007fff3e2e0000 - 0x00007fff3e669000 	C:\WINDOWS\System32\combase.dll
0x00007fff3eca0000 - 0x00007fff3ed77000 	C:\WINDOWS\System32\OLEAUT32.dll
0x00007ffef9d20000 - 0x00007ffef9d52000 	C:\WINDOWS\SYSTEM32\dbgcore.DLL
0x00007fff3cdf0000 - 0x00007fff3ce6a000 	C:\WINDOWS\System32\bcryptPrimitives.dll
0x00007fff238f0000 - 0x00007fff23915000 	C:\Program Files\Android\Android Studio1\jbr\bin\java.dll
0x00007fff266d0000 - 0x00007fff266e8000 	C:\Program Files\Android\Android Studio1\jbr\bin\zip.dll
0x00007fff3d3c0000 - 0x00007fff3dc1a000 	C:\WINDOWS\System32\SHELL32.dll
0x00007fff3a810000 - 0x00007fff3b106000 	C:\WINDOWS\SYSTEM32\windows.storage.dll
0x00007fff3a6d0000 - 0x00007fff3a80e000 	C:\WINDOWS\SYSTEM32\wintypes.dll
0x00007fff3ed80000 - 0x00007fff3ee73000 	C:\WINDOWS\System32\SHCORE.dll
0x00007fff3d320000 - 0x00007fff3d37e000 	C:\WINDOWS\System32\shlwapi.dll
0x00007fff3c840000 - 0x00007fff3c866000 	C:\WINDOWS\SYSTEM32\profapi.dll
0x00007fff22680000 - 0x00007fff22699000 	C:\Program Files\Android\Android Studio1\jbr\bin\net.dll
0x00007fff34520000 - 0x00007fff34657000 	C:\WINDOWS\SYSTEM32\WINHTTP.dll
0x00007fff3be40000 - 0x00007fff3bea9000 	C:\WINDOWS\system32\mswsock.dll
0x00007fff1a640000 - 0x00007fff1a656000 	C:\Program Files\Android\Android Studio1\jbr\bin\nio.dll
0x00007fff246f0000 - 0x00007fff24700000 	C:\Program Files\Android\Android Studio1\jbr\bin\verify.dll
0x00007fff0bb30000 - 0x00007fff0bb57000 	C:\Users\shrey\.gradle\native\68d5fa5c4cc2d200863cafc0d521ce42e7d3e7ee720ec0a83991735586a16f82\windows-amd64\native-platform.dll
0x00007ffedb960000 - 0x00007ffedbaa4000 	C:\Users\shrey\.gradle\native\e376f236ea51e6404a007f0833ffe2c6e607c4080706a723a18a27aeea778392\windows-amd64\native-platform-file-events.dll
0x00007fff238e0000 - 0x00007fff238e9000 	C:\Program Files\Android\Android Studio1\jbr\bin\management.dll
0x00007fff1fcb0000 - 0x00007fff1fcbb000 	C:\Program Files\Android\Android Studio1\jbr\bin\management_ext.dll
0x00007fff3eaf0000 - 0x00007fff3eaf8000 	C:\WINDOWS\System32\PSAPI.DLL
0x00007fff3c100000 - 0x00007fff3c11b000 	C:\WINDOWS\SYSTEM32\CRYPTSP.dll
0x00007fff3b870000 - 0x00007fff3b8a5000 	C:\WINDOWS\system32\rsaenh.dll
0x00007fff3bfa0000 - 0x00007fff3bfcc000 	C:\WINDOWS\SYSTEM32\USERENV.dll
0x00007fff3c120000 - 0x00007fff3c12c000 	C:\WINDOWS\SYSTEM32\CRYPTBASE.dll
0x00007fff3b360000 - 0x00007fff3b38d000 	C:\WINDOWS\SYSTEM32\IPHLPAPI.DLL
0x00007fff3e2d0000 - 0x00007fff3e2d9000 	C:\WINDOWS\System32\NSI.dll
0x00007fff34500000 - 0x00007fff34519000 	C:\WINDOWS\SYSTEM32\dhcpcsvc6.DLL
0x00007fff344e0000 - 0x00007fff344ff000 	C:\WINDOWS\SYSTEM32\dhcpcsvc.DLL
0x00007fff3b3d0000 - 0x00007fff3b4c9000 	C:\WINDOWS\SYSTEM32\DNSAPI.dll
0x00007fff145e0000 - 0x00007fff145e8000 	C:\WINDOWS\system32\wshunix.dll
0x00007ffefa020000 - 0x00007ffefa037000 	C:\WINDOWS\system32\napinsp.dll
0x00007ffef9da0000 - 0x00007ffef9dbb000 	C:\WINDOWS\system32\pnrpnsp.dll
0x00007ffee7890000 - 0x00007ffee78a1000 	C:\WINDOWS\System32\winrnr.dll
0x00007fff2e4e0000 - 0x00007fff2e4f5000 	C:\WINDOWS\system32\wshbth.dll
0x00007ffec8830000 - 0x00007ffec8851000 	C:\WINDOWS\system32\nlansp_c.dll
0x00007fff2e430000 - 0x00007fff2e43a000 	C:\Windows\System32\rasadhlp.dll
0x00007fff2e9a0000 - 0x00007fff2ea23000 	C:\WINDOWS\System32\fwpuclnt.dll

dbghelp: loaded successfully - version: 4.0.5 - missing functions: none
symbol engine: initialized successfully - sym options: 0x614 - pdb path: .;C:\Program Files\Android\Android Studio1\jbr\bin;C:\WINDOWS\SYSTEM32;C:\WINDOWS\WinSxS\amd64_microsoft.windows.common-controls_6595b64144ccf1df_6.0.22621.2506_none_270c5ae97388e100;C:\Program Files\Android\Android Studio1\jbr\bin\server;C:\Users\shrey\.gradle\native\68d5fa5c4cc2d200863cafc0d521ce42e7d3e7ee720ec0a83991735586a16f82\windows-amd64;C:\Users\shrey\.gradle\native\e376f236ea51e6404a007f0833ffe2c6e607c4080706a723a18a27aeea778392\windows-amd64

VM Arguments:
jvm_args: --add-opens=java.base/java.util=ALL-UNNAMED --add-opens=java.base/java.lang=ALL-UNNAMED --add-opens=java.base/java.lang.invoke=ALL-UNNAMED --add-opens=java.prefs/java.util.prefs=ALL-UNNAMED --add-opens=java.base/java.nio.charset=ALL-UNNAMED --add-opens=java.base/java.net=ALL-UNNAMED --add-opens=java.base/java.util.concurrent.atomic=ALL-UNNAMED -Xmx2048m -Dfile.encoding=UTF-8 -Duser.country=ZA -Duser.language=en -Duser.variant 
java_command: org.gradle.launcher.daemon.bootstrap.GradleDaemon 8.0
java_class_path (initial): C:\Users\shrey\.gradle\wrapper\dists\gradle-8.0-bin\ca5e32bp14vu59qr306oxotwh\gradle-8.0\lib\gradle-launcher-8.0.jar
Launcher Type: SUN_STANDARD

[Global flags]
     intx CICompilerCount                          = 3                                         {product} {ergonomic}
     uint ConcGCThreads                            = 1                                         {product} {ergonomic}
     uint G1ConcRefinementThreads                  = 4                                         {product} {ergonomic}
   size_t G1HeapRegionSize                         = 1048576                                   {product} {ergonomic}
    uintx GCDrainStackTargetSize                   = 64                                        {product} {ergonomic}
   size_t InitialHeapSize                          = 132120576                                 {product} {ergonomic}
   size_t MarkStackSize                            = 4194304                                   {product} {ergonomic}
   size_t MaxHeapSize                              = 2147483648                                {product} {command line}
   size_t MaxNewSize                               = 1287651328                                {product} {ergonomic}
   size_t MinHeapDeltaBytes                        = 1048576                                   {product} {ergonomic}
   size_t MinHeapSize                              = 8388608                                   {product} {ergonomic}
    uintx NonNMethodCodeHeapSize                   = 5832780                                {pd product} {ergonomic}
    uintx NonProfiledCodeHeapSize                  = 122912730                              {pd product} {ergonomic}
    uintx ProfiledCodeHeapSize                     = 122912730                              {pd product} {ergonomic}
    uintx ReservedCodeCacheSize                    = 251658240                              {pd product} {ergonomic}
     bool SegmentedCodeCache                       = true                                      {product} {ergonomic}
   size_t SoftMaxHeapSize                          = 2147483648                             {manageable} {ergonomic}
     bool UseCompressedClassPointers               = true                           {product lp64_product} {ergonomic}
     bool UseCompressedOops                        = true                           {product lp64_product} {ergonomic}
     bool UseG1GC                                  = true                                      {product} {ergonomic}
     bool UseLargePagesIndividualAllocation        = false                                  {pd product} {ergonomic}

Logging:
Log output configuration:
 #0: stdout all=warning uptime,level,tags
 #1: stderr all=off uptime,level,tags

Environment Variables:
PATH=C:\Python312\Scripts\;C:\Python312\;C:\Windows\System32\HWAudioDriverLibs;C:\Windows\system32;C:\Windows;C:\Windows\System32\Wbem;C:\Windows\System32\WindowsPowerShell\v1.0\;C:\Windows\System32\OpenSSH\;C:\Users\Administrator\AppData\Local\Microsoft\WindowsApps;;C:\WINDOWS\system32;C:\WINDOWS;C:\WINDOWS\System32\Wbem;C:\WINDOWS\System32\WindowsPowerShell\v1.0\;C:\WINDOWS\System32\OpenSSH\;C:\Program Files\nodejs\;C:\ProgramData\chocolatey\bin;C:\Users\shrey\AppData\Local\Microsoft\WindowsApps;C:\Users\shrey\AppData\Local\Programs\Microsoft VS Code\bin;C:\Users\shrey\AppData\Roaming\npm
USERNAME=shrey
OS=Windows_NT
PROCESSOR_IDENTIFIER=Intel64 Family 6 Model 140 Stepping 1, GenuineIntel
TMP=C:\Users\shrey\AppData\Local\Temp
TEMP=C:\Users\shrey\AppData\Local\Temp


JNI global refs:
JNI global refs: 25, weak refs: 0

JNI global refs memory usage: 843, weak refs: 841


---------------  S Y S T E M  ---------------

OS:
 Windows 11 , 64 bit Build 22621 (10.0.22621.2506)
OS uptime: 11 days 0:42 hours
Hyper-V role detected

CPU: total 4 (initial active 4) (2 cores per cpu, 2 threads per core) family 6 model 140 stepping 1 microcode 0x8a, cx8, cmov, fxsr, ht, mmx, 3dnowpref, sse, sse2, sse3, ssse3, sse4.1, sse4.2, popcnt, lzcnt, tsc, tscinvbit, avx, avx2, aes, erms, clmul, bmi1, bmi2, adx, avx512f, avx512dq, avx512cd, avx512bw, avx512vl, sha, fma, vzeroupper, avx512_vpopcntdq, avx512_vpclmulqdq, avx512_vaes, avx512_vnni, clflush, clflushopt, clwb, avx512_vbmi2, avx512_vbmi, hv

Memory: 4k page, system-wide physical 7991M (504M free)
TotalPageFile size 21144M (AvailPageFile size 123M)
current process WorkingSet (physical memory assigned to process): 400M, peak: 406M
current process commit charge ("private bytes"): 425M, peak: 566M

vm_info: OpenJDK 64-Bit Server VM (17.0.6+0-b2043.56-10027231) for windows-amd64 JRE (17.0.6+0-b2043.56-10027231), built on Apr 28 2023 00:43:19 by "androidbuild" with MS VC++ 16.10 / 16.11 (VS2019)

END.
